TN:
SF:src/app.ts
FNF:0
FNH:0
DA:1,1
DA:2,1
DA:3,1
DA:4,1
DA:5,1
DA:7,1
DA:8,1
DA:9,1
DA:11,1
DA:12,1
DA:14,1
LF:11
LH:11
BRF:0
BRH:0
end_of_record
TN:
SF:src/database.ts
FNF:0
FNH:0
DA:1,2
DA:3,2
DA:4,2
LF:3
LH:3
BRF:0
BRH:0
end_of_record
TN:
SF:src/controllers/recommendationController.ts
FN:6,insert
FN:17,upvote
FN:25,downvote
FN:33,random
FN:39,get
FN:44,getTop
FN:51,getById
FNF:7
FNH:7
FNDA:24,insert
FNDA:2,upvote
FNDA:8,downvote
FNDA:3,random
FNDA:1,get
FNDA:2,getTop
FNDA:1,getById
DA:2,1
DA:3,1
DA:4,1
DA:7,24
DA:8,24
DA:9,0
DA:12,24
DA:14,24
DA:18,2
DA:20,2
DA:22,2
DA:26,8
DA:28,8
DA:30,8
DA:34,3
DA:36,2
DA:40,1
DA:41,1
DA:45,2
DA:47,2
DA:48,2
DA:52,1
DA:54,1
DA:55,1
DA:58,1
LF:25
LH:24
BRDA:8,0,0,0
BRF:1
BRH:0
end_of_record
TN:
SF:src/middlewares/errorHandlerMiddleware.ts
FN:8,errorHandlerMiddleware
FNF:1
FNH:1
FNDA:1,errorHandlerMiddleware
DA:2,1
DA:8,1
DA:14,1
DA:16,1
DA:17,1
DA:20,0
LF:6
LH:5
BRDA:16,0,0,1
BRF:1
BRH:1
end_of_record
TN:
SF:src/repositories/recommendationRepository.ts
FN:5,create
FN:16,findAll
FN:26,getAmountByScore
FN:33,getFindAllFilter
FN:45,find
FN:51,findByName
FN:57,updateScore
FN:66,remove
FNF:8
FNH:8
FNDA:24,create
FNDA:9,findAll
FNDA:2,getAmountByScore
FNDA:9,getFindAllFilter
FNDA:11,find
FNDA:29,findByName
FNDA:10,updateScore
FNDA:1,remove
DA:2,2
DA:6,24
DA:17,9
DA:19,9
DA:27,2
DA:36,9
DA:38,3
DA:40,3
DA:46,11
DA:52,29
DA:58,10
DA:67,1
DA:72,2
LF:13
LH:13
BRDA:36,0,0,6
BRF:1
BRH:1
end_of_record
TN:
SF:src/routers/recommendationRouter.ts
FNF:0
FNH:0
DA:1,1
DA:2,1
DA:4,1
DA:6,1
DA:7,1
DA:8,1
DA:9,1
DA:10,1
DA:11,1
DA:12,1
DA:14,1
LF:11
LH:11
BRF:0
BRH:0
end_of_record
TN:
SF:src/schemas/recommendationsSchemas.ts
FNF:0
FNH:0
DA:1,1
DA:4,1
DA:6,1
LF:3
LH:3
BRF:0
BRH:0
end_of_record
TN:
SF:src/services/recommendationsService.ts
FN:7,insert
FN:17,upvote
FN:23,downvote
FN:36,getByIdOrFail
FN:43,get
FN:47,getTop
FN:51,getRandom
FN:64,getByScore
FN:77,getScoreFilter
FNF:9
FNH:9
FNDA:26,insert
FNDA:3,upvote
FNDA:10,downvote
FNDA:16,getByIdOrFail
FNDA:2,get
FNDA:3,getTop
FNDA:5,getRandom
FNDA:5,getByScore
FNDA:5,getScoreFilter
DA:2,2
DA:3,2
DA:8,26
DA:11,26
DA:12,1
DA:14,25
DA:18,3
DA:20,2
DA:24,10
DA:26,8
DA:31,8
DA:32,1
DA:37,16
DA:38,16
DA:40,12
DA:44,2
DA:48,3
DA:52,5
DA:53,5
DA:55,5
DA:56,4
DA:57,1
DA:60,2
DA:61,2
DA:65,5
DA:70,5
DA:71,0
DA:74,4
DA:78,5
DA:79,5
DA:82,0
DA:85,2
LF:32
LH:30
BRDA:11,0,0,1
BRDA:31,1,0,1
BRDA:38,2,0,4
BRDA:56,3,0,1
BRDA:70,4,0,0
BRDA:78,5,0,5
BRF:6
BRH:5
end_of_record
TN:
SF:src/utils/errorUtils.ts
FN:7,isAppError
FN:11,errorTypeToStatusCode
FN:19,conflictError
FN:23,notFoundError
FN:27,unauthorizedError
FN:31,wrongSchemaError
FNF:6
FNH:4
FNDA:1,isAppError
FNDA:1,errorTypeToStatusCode
FNDA:1,conflictError
FNDA:5,notFoundError
FNDA:0,unauthorizedError
FNDA:0,wrongSchemaError
DA:7,2
DA:8,1
DA:11,2
DA:12,1
DA:13,1
DA:14,0
DA:15,0
DA:16,0
DA:19,2
DA:20,1
DA:23,2
DA:24,5
DA:27,2
DA:28,0
DA:31,2
DA:32,0
LF:16
LH:11
BRDA:12,0,0,0
BRDA:13,1,0,1
BRDA:14,2,0,0
BRDA:15,3,0,0
BRDA:20,4,0,1
BRDA:20,4,1,0
BRDA:20,5,0,1
BRDA:20,5,1,1
BRDA:24,6,0,0
BRDA:24,6,1,5
BRDA:24,7,0,5
BRDA:24,7,1,5
BRDA:28,8,0,0
BRDA:28,8,1,0
BRDA:28,9,0,0
BRDA:28,9,1,0
BRDA:32,10,0,0
BRDA:32,10,1,0
BRDA:32,11,0,0
BRDA:32,11,1,0
BRF:20
BRH:7
end_of_record
TN:
SF:tests/factories/recommendationFactory.ts
FN:3,recommendationFactory
FNF:1
FNH:1
FNDA:27,recommendationFactory
DA:3,2
DA:4,27
LF:2
LH:2
BRF:0
BRH:0
end_of_record
